<?xml version="1.0" encoding="UTF-8"?>
<Site BuildName="Darwin-clang++"
	BuildStamp="20220228-0057-Experimental"
	Name="Phils-MacBookPro.local"
	Generator="ctest-3.22.2"
	CompilerName="/usr/bin/clang++"
	CompilerVersion="13.0.0.13000029"
	OSName="macOS"
	Hostname="Phils-MacBookPro.local"
	OSRelease="12.2.1"
	OSVersion="21D62"
	OSPlatform="arm64"
	Is64Bits="1"
	VendorString="IBM"
	VendorID="IBM"
	FamilyID="16777228"
	ModelID="2"
	ProcessorCacheSize="131072"
	NumberOfLogicalCPU="8"
	NumberOfPhysicalCPU="8"
	TotalVirtualMemory="1024"
	TotalPhysicalMemory="16384"
	LogicalProcessorsPerPhysical="8"
	ProcessorClockFrequency="0"
	>
	<Testing>
		<StartDateTime>Feb 28 18:15 KST</StartDateTime>
		<StartTestTime>1646039758</StartTestTime>
		<TestList/>
		<EndDateTime>Feb 28 18:15 KST</EndDateTime>
		<EndTestTime>1646039758</EndTestTime>
		<ElapsedMinutes>0</ElapsedMinutes>
	</Testing>
</Site>
